# JRE version: OpenJDK Runtime Environment (23.0+37) (build 23+37-2369)
# Java VM: OpenJDK 64-Bit Server VM (23+37-2369, mixed mode, sharing, tiered, compressed oops, compressed class ptrs, g1 gc, windows-amd64)
GC Precious Log:
 CardTable entry size: 512
 Card Set container configuration: InlinePtr #cards 5 size 8 Array Of Cards #cards 10 size 36 Howl #buckets 4 coarsen threshold 1843 Howl Bitmap #cards 512 size 80 coarsen threshold 460 Card regions per heap region 1 cards per card region 2048
 CPUs: 12 total, 12 available
 Memory: 5989M
 Large Page Support: Disabled
 NUMA Support: Disabled
 Compressed Oops: Enabled (32-bit)
 Heap Region Size: 1M
 Heap Min Capacity: 8M
 Heap Initial Capacity: 94M
 Heap Max Capacity: 1498M
 Pre-touch: Disabled
 Parallel Workers: 10
 Concurrent Workers: 3
 Concurrent Refinement Workers: 10
 Periodic GC: Disabled
Heap:
 garbage-first heap   total reserved 1533952K, committed 53248K, used 34003K [0x00000000a2600000, 0x0000000100000000)
  region size 1024K, 5 young (5120K), 1 survivors (1024K)
 Metaspace       used 69797K, committed 70656K, reserved 1114112K
  class space    used 9492K, committed 9856K, reserved 1048576K
GC Heap History (20 events):
Event: 9.131 GC heap before
{Heap before GC invocations=9 (full 0):
 garbage-first heap   total reserved 1533952K, committed 48128K, used 40211K [0x00000000a2600000, 0x0000000100000000)
  region size 1024K, 20 young (20480K), 1 survivors (1024K)
 Metaspace       used 44461K, committed 45056K, reserved 1114112K
  class space    used 5897K, committed 6144K, reserved 1048576K
}
Event: 9.137 GC heap after
{Heap after GC invocations=10 (full 0):
 garbage-first heap   total reserved 1533952K, committed 48128K, used 22891K [0x00000000a2600000, 0x0000000100000000)
  region size 1024K, 3 young (3072K), 3 survivors (3072K)
 Metaspace       used 44461K, committed 45056K, reserved 1114112K
  class space    used 5897K, committed 6144K, reserved 1048576K
}
Event: 9.845 GC heap before
{Heap before GC invocations=10 (full 0):
 garbage-first heap   total reserved 1533952K, committed 48128K, used 40299K [0x00000000a2600000, 0x0000000100000000)
  region size 1024K, 20 young (20480K), 3 survivors (3072K)
 Metaspace       used 48305K, committed 48832K, reserved 1114112K
  class space    used 6436K, committed 6656K, reserved 1048576K
}
Event: 9.853 GC heap after
{Heap after GC invocations=11 (full 0):
 garbage-first heap   total reserved 1533952K, committed 48128K, used 24081K [0x00000000a2600000, 0x0000000100000000)
  region size 1024K, 2 young (2048K), 2 survivors (2048K)
 Metaspace       used 48305K, committed 48832K, reserved 1114112K
  class space    used 6436K, committed 6656K, reserved 1048576K
}
Event: 10.531 GC heap before
{Heap before GC invocations=11 (full 0):
 garbage-first heap   total reserved 1533952K, committed 48128K, used 39441K [0x00000000a2600000, 0x0000000100000000)
  region size 1024K, 18 young (18432K), 2 survivors (2048K)
 Metaspace       used 53875K, committed 54336K, reserved 1114112K
  class space    used 7236K, committed 7424K, reserved 1048576K
}
Event: 10.537 GC heap after
{Heap after GC invocations=12 (full 0):
 garbage-first heap   total reserved 1533952K, committed 48128K, used 24618K [0x00000000a2600000, 0x0000000100000000)
  region size 1024K, 3 young (3072K), 3 survivors (3072K)
 Metaspace       used 53875K, committed 54336K, reserved 1114112K
  class space    used 7236K, committed 7424K, reserved 1048576K
}
Event: 11.192 GC heap before
{Heap before GC invocations=13 (full 0):
 garbage-first heap   total reserved 1533952K, committed 48128K, used 39978K [0x00000000a2600000, 0x0000000100000000)
  region size 1024K, 18 young (18432K), 3 survivors (3072K)
 Metaspace       used 57747K, committed 58432K, reserved 1114112K
  class space    used 7941K, committed 8256K, reserved 1048576K
}
Event: 11.197 GC heap after
{Heap after GC invocations=14 (full 0):
 garbage-first heap   total reserved 1533952K, committed 48128K, used 25177K [0x00000000a2600000, 0x0000000100000000)
  region size 1024K, 2 young (2048K), 2 survivors (2048K)
 Metaspace       used 57747K, committed 58432K, reserved 1114112K
  class space    used 7941K, committed 8256K, reserved 1048576K
}
Event: 12.824 GC heap before
{Heap before GC invocations=14 (full 0):
 garbage-first heap   total reserved 1533952K, committed 48128K, used 40537K [0x00000000a2600000, 0x0000000100000000)
  region size 1024K, 18 young (18432K), 2 survivors (2048K)
 Metaspace       used 60656K, committed 61312K, reserved 1114112K
  class space    used 8341K, committed 8640K, reserved 1048576K
}
Event: 12.830 GC heap after
{Heap after GC invocations=15 (full 0):
 garbage-first heap   total reserved 1533952K, committed 48128K, used 26749K [0x00000000a2600000, 0x0000000100000000)
  region size 1024K, 3 young (3072K), 3 survivors (3072K)
 Metaspace       used 60656K, committed 61312K, reserved 1114112K
  class space    used 8341K, committed 8640K, reserved 1048576K
}
Event: 13.405 GC heap before
{Heap before GC invocations=15 (full 0):
 garbage-first heap   total reserved 1533952K, committed 48128K, used 41085K [0x00000000a2600000, 0x0000000100000000)
  region size 1024K, 17 young (17408K), 3 survivors (3072K)
 Metaspace       used 62763K, committed 63360K, reserved 1114112K
  class space    used 8637K, committed 8896K, reserved 1048576K
}
Event: 13.416 GC heap after
{Heap after GC invocations=16 (full 0):
 garbage-first heap   total reserved 1533952K, committed 48128K, used 28498K [0x00000000a2600000, 0x0000000100000000)
  region size 1024K, 2 young (2048K), 2 survivors (2048K)
 Metaspace       used 62763K, committed 63360K, reserved 1114112K
  class space    used 8637K, committed 8896K, reserved 1048576K
}
Event: 26.641 GC heap before
{Heap before GC invocations=17 (full 0):
 garbage-first heap   total reserved 1533952K, committed 48128K, used 41810K [0x00000000a2600000, 0x0000000100000000)
  region size 1024K, 16 young (16384K), 2 survivors (2048K)
 Metaspace       used 65648K, committed 66304K, reserved 1114112K
  class space    used 9016K, committed 9280K, reserved 1048576K
}
Event: 26.654 GC heap after
{Heap after GC invocations=18 (full 0):
 garbage-first heap   total reserved 1533952K, committed 48128K, used 30005K [0x00000000a2600000, 0x0000000100000000)
  region size 1024K, 2 young (2048K), 2 survivors (2048K)
 Metaspace       used 65648K, committed 66304K, reserved 1114112K
  class space    used 9016K, committed 9280K, reserved 1048576K
}
Event: 101.641 GC heap before
{Heap before GC invocations=18 (full 0):
 garbage-first heap   total reserved 1533952K, committed 48128K, used 41269K [0x00000000a2600000, 0x0000000100000000)
  region size 1024K, 14 young (14336K), 2 survivors (2048K)
 Metaspace       used 68980K, committed 69696K, reserved 1114112K
  class space    used 9479K, committed 9792K, reserved 1048576K
}
Event: 101.649 GC heap after
{Heap after GC invocations=19 (full 0):
 garbage-first heap   total reserved 1533952K, committed 48128K, used 30081K [0x00000000a2600000, 0x0000000100000000)
  region size 1024K, 1 young (1024K), 1 survivors (1024K)
 Metaspace       used 68980K, committed 69696K, reserved 1114112K
  class space    used 9479K, committed 9792K, reserved 1048576K
}
Event: 1516.754 GC heap before
{Heap before GC invocations=19 (full 0):
 garbage-first heap   total reserved 1533952K, committed 48128K, used 42369K [0x00000000a2600000, 0x0000000100000000)
  region size 1024K, 14 young (14336K), 1 survivors (1024K)
 Metaspace       used 69941K, committed 70592K, reserved 1114112K
  class space    used 9567K, committed 9856K, reserved 1048576K
}
Event: 1516.797 GC heap after
{Heap after GC invocations=20 (full 0):
 garbage-first heap   total reserved 1533952K, committed 48128K, used 30597K [0x00000000a2600000, 0x0000000100000000)
  region size 1024K, 2 young (2048K), 2 survivors (2048K)
 Metaspace       used 69941K, committed 70592K, reserved 1114112K
  class space    used 9567K, committed 9856K, reserved 1048576K
}
Event: 1648.347 GC heap before
{Heap before GC invocations=21 (full 0):
 garbage-first heap   total reserved 1533952K, committed 53248K, used 39813K [0x00000000a2600000, 0x0000000100000000)
  region size 1024K, 12 young (12288K), 2 survivors (2048K)
 Metaspace       used 69754K, committed 70656K, reserved 1114112K
  class space    used 9488K, committed 9856K, reserved 1048576K
}
Event: 1648.364 GC heap after
{Heap after GC invocations=22 (full 0):
 garbage-first heap   total reserved 1533952K, committed 53248K, used 30931K [0x00000000a2600000, 0x0000000100000000)
  region size 1024K, 1 young (1024K), 1 survivors (1024K)
 Metaspace       used 69754K, committed 70656K, reserved 1114112K
  class space    used 9488K, committed 9856K, reserved 1048576K
}

